Determining if the pthread_create exist failed with the following output:
Change Dir: /home/tqia574/catkin_ws/src/dvo-fuerte/dvo_ros/build/CMakeFiles/CMakeTmp

Run Build Command:"/usr/bin/make" "cmTC_82fc7/fast"
make[1]: Entering directory '/home/tqia574/catkin_ws/src/dvo-fuerte/dvo_ros/build/CMakeFiles/CMakeTmp'
/usr/bin/make -f CMakeFiles/cmTC_82fc7.dir/build.make CMakeFiles/cmTC_82fc7.dir/build
make[2]: Entering directory '/home/tqia574/catkin_ws/src/dvo-fuerte/dvo_ros/build/CMakeFiles/CMakeTmp'
Building C object CMakeFiles/cmTC_82fc7.dir/CheckSymbolExists.c.o
/usr/bin/cc    -o CMakeFiles/cmTC_82fc7.dir/CheckSymbolExists.c.o   -c /home/tqia574/catkin_ws/src/dvo-fuerte/dvo_ros/build/CMakeFiles/CMakeTmp/CheckSymbolExists.c
Linking C executable cmTC_82fc7
/usr/bin/cmake -E cmake_link_script CMakeFiles/cmTC_82fc7.dir/link.txt --verbose=1
/usr/bin/cc      -rdynamic CMakeFiles/cmTC_82fc7.dir/CheckSymbolExists.c.o  -o cmTC_82fc7 
CMakeFiles/cmTC_82fc7.dir/CheckSymbolExists.c.o: In function `main':
CheckSymbolExists.c:(.text+0x1b): undefined reference to `pthread_create'
collect2: error: ld returned 1 exit status
CMakeFiles/cmTC_82fc7.dir/build.make:97: recipe for target 'cmTC_82fc7' failed
make[2]: *** [cmTC_82fc7] Error 1
make[2]: Leaving directory '/home/tqia574/catkin_ws/src/dvo-fuerte/dvo_ros/build/CMakeFiles/CMakeTmp'
Makefile:126: recipe for target 'cmTC_82fc7/fast' failed
make[1]: *** [cmTC_82fc7/fast] Error 2
make[1]: Leaving directory '/home/tqia574/catkin_ws/src/dvo-fuerte/dvo_ros/build/CMakeFiles/CMakeTmp'

File /home/tqia574/catkin_ws/src/dvo-fuerte/dvo_ros/build/CMakeFiles/CMakeTmp/CheckSymbolExists.c:
/* */
#include <pthread.h>

int main(int argc, char** argv)
{
  (void)argv;
#ifndef pthread_create
  return ((int*)(&pthread_create))[argc];
#else
  (void)argc;
  return 0;
#endif
}

Determining if the function pthread_create exists in the pthreads failed with the following output:
Change Dir: /home/tqia574/catkin_ws/src/dvo-fuerte/dvo_ros/build/CMakeFiles/CMakeTmp

Run Build Command:"/usr/bin/make" "cmTC_7eb47/fast"
make[1]: Entering directory '/home/tqia574/catkin_ws/src/dvo-fuerte/dvo_ros/build/CMakeFiles/CMakeTmp'
/usr/bin/make -f CMakeFiles/cmTC_7eb47.dir/build.make CMakeFiles/cmTC_7eb47.dir/build
make[2]: Entering directory '/home/tqia574/catkin_ws/src/dvo-fuerte/dvo_ros/build/CMakeFiles/CMakeTmp'
Building C object CMakeFiles/cmTC_7eb47.dir/CheckFunctionExists.c.o
/usr/bin/cc   -DCHECK_FUNCTION_EXISTS=pthread_create   -o CMakeFiles/cmTC_7eb47.dir/CheckFunctionExists.c.o   -c /usr/share/cmake-3.10/Modules/CheckFunctionExists.c
Linking C executable cmTC_7eb47
/usr/bin/cmake -E cmake_link_script CMakeFiles/cmTC_7eb47.dir/link.txt --verbose=1
/usr/bin/cc  -DCHECK_FUNCTION_EXISTS=pthread_create    -rdynamic CMakeFiles/cmTC_7eb47.dir/CheckFunctionExists.c.o  -o cmTC_7eb47 -lpthreads 
/usr/bin/ld: cannot find -lpthreads
collect2: error: ld returned 1 exit status
CMakeFiles/cmTC_7eb47.dir/build.make:97: recipe for target 'cmTC_7eb47' failed
make[2]: *** [cmTC_7eb47] Error 1
make[2]: Leaving directory '/home/tqia574/catkin_ws/src/dvo-fuerte/dvo_ros/build/CMakeFiles/CMakeTmp'
Makefile:126: recipe for target 'cmTC_7eb47/fast' failed
make[1]: *** [cmTC_7eb47/fast] Error 2
make[1]: Leaving directory '/home/tqia574/catkin_ws/src/dvo-fuerte/dvo_ros/build/CMakeFiles/CMakeTmp'


